
A module that was compiled using NumPy 1.x cannot be run in
NumPy 2.4.6 as it may crash. To support both 1.x and 2.x
versions of NumPy, modules must be compiled with NumPy 2.0.
Some module may need to rebuild instead e.g. with 'pybind11>=2.12'.

If you are a user of the module, the easiest solution will be to
downgrade to 'numpy<2' or try to upgrade the affected module.
We expect that some modules will need time to support NumPy 2.

Traceback (most recent call last):  File "D:\temp\RUCxiaolaba-Advanced-Search\app.py", line 3, in <module>
    import utils
  File "D:\temp\RUCxiaolaba-Advanced-Search\utils.py", line 7, in <module>
    import pandas as pd
  File "D:\application\anaconda\Lib\site-packages\pandas\__init__.py", line 26, in <module>
    from pandas.compat import (
  File "D:\application\anaconda\Lib\site-packages\pandas\compat\__init__.py", line 27, in <module>
    from pandas.compat.pyarrow import (
  File "D:\application\anaconda\Lib\site-packages\pandas\compat\pyarrow.py", line 8, in <module>
    import pyarrow as pa
  File "D:\application\anaconda\Lib\site-packages\pyarrow\__init__.py", line 65, in <module>
    import pyarrow.lib as _lib
Traceback (most recent call last):
  File "C:\Users\31572\AppData\Roaming\Python\Python312\site-packages\numpy\core\_multiarray_umath.py", line 46, in __getattr__
    raise ImportError(msg)
ImportError: 
A module that was compiled using NumPy 1.x cannot be run in
NumPy 2.4.6 as it may crash. To support both 1.x and 2.x
versions of NumPy, modules must be compiled with NumPy 2.0.
Some module may need to rebuild instead e.g. with 'pybind11>=2.12'.

If you are a user of the module, the easiest solution will be to
downgrade to 'numpy<2' or try to upgrade the affected module.
We expect that some modules will need time to support NumPy 2.



A module that was compiled using NumPy 1.x cannot be run in
NumPy 2.4.6 as it may crash. To support both 1.x and 2.x
versions of NumPy, modules must be compiled with NumPy 2.0.
Some module may need to rebuild instead e.g. with 'pybind11>=2.12'.

If you are a user of the module, the easiest solution will be to
downgrade to 'numpy<2' or try to upgrade the affected module.
We expect that some modules will need time to support NumPy 2.

Traceback (most recent call last):  File "D:\temp\RUCxiaolaba-Advanced-Search\app.py", line 3, in <module>
    import utils
  File "D:\temp\RUCxiaolaba-Advanced-Search\utils.py", line 7, in <module>
    import pandas as pd
  File "D:\application\anaconda\Lib\site-packages\pandas\__init__.py", line 49, in <module>
    from pandas.core.api import (
  File "D:\application\anaconda\Lib\site-packages\pandas\core\api.py", line 1, in <module>
    from pandas._libs import (
  File "D:\application\anaconda\Lib\site-packages\pandas\_libs\__init__.py", line 17, in <module>
    import pandas._libs.pandas_datetime  # noqa: F401 # isort: skip # type: ignore[reportUnusedImport]
Traceback (most recent call last):
  File "C:\Users\31572\AppData\Roaming\Python\Python312\site-packages\numpy\core\_multiarray_umath.py", line 46, in __getattr__
    raise ImportError(msg)
ImportError: 
A module that was compiled using NumPy 1.x cannot be run in
NumPy 2.4.6 as it may crash. To support both 1.x and 2.x
versions of NumPy, modules must be compiled with NumPy 2.0.
Some module may need to rebuild instead e.g. with 'pybind11>=2.12'.

If you are a user of the module, the easiest solution will be to
downgrade to 'numpy<2' or try to upgrade the affected module.
We expect that some modules will need time to support NumPy 2.


Traceback (most recent call last):
  File "D:\temp\RUCxiaolaba-Advanced-Search\app.py", line 3, in <module>
    import utils
  File "D:\temp\RUCxiaolaba-Advanced-Search\utils.py", line 7, in <module>
    import pandas as pd
  File "D:\application\anaconda\Lib\site-packages\pandas\__init__.py", line 49, in <module>
    from pandas.core.api import (
  File "D:\application\anaconda\Lib\site-packages\pandas\core\api.py", line 1, in <module>
    from pandas._libs import (
  File "D:\application\anaconda\Lib\site-packages\pandas\_libs\__init__.py", line 17, in <module>
    import pandas._libs.pandas_datetime  # noqa: F401 # isort: skip # type: ignore[reportUnusedImport]
    ^^^^^^^^^^^^^^^^^^^^^^^^^^^^^^^^^^^
ImportError: numpy.core.multiarray failed to import
